[2020-06-12 19:52:32] app.INFO: Protect vendor folder in module contactform [] []
[2020-06-12 19:52:32] app.INFO: Module contactform has no vendor folder [] []
[2020-06-12 19:52:35] app.INFO: Protect vendor folder in module dashactivity [] []
[2020-06-12 19:52:35] app.INFO: Module dashactivity has no vendor folder [] []
[2020-06-12 19:52:37] app.INFO: Protect vendor folder in module dashtrends [] []
[2020-06-12 19:52:37] app.INFO: Module dashtrends has no vendor folder [] []
[2020-06-12 19:52:42] app.INFO: Protect vendor folder in module dashgoals [] []
[2020-06-12 19:52:42] app.INFO: Module dashgoals has no vendor folder [] []
[2020-06-12 19:52:44] app.INFO: Protect vendor folder in module dashproducts [] []
[2020-06-12 19:52:44] app.INFO: Module dashproducts has no vendor folder [] []
[2020-06-12 19:52:45] app.INFO: Protect vendor folder in module graphnvd3 [] []
[2020-06-12 19:52:45] app.INFO: Module graphnvd3 has no vendor folder [] []
[2020-06-12 19:52:46] app.INFO: Protect vendor folder in module gridhtml [] []
[2020-06-12 19:52:46] app.INFO: Module gridhtml has no vendor folder [] []
[2020-06-12 19:52:48] app.INFO: Protect vendor folder in module gsitemap [] []
[2020-06-12 19:52:48] app.INFO: Module gsitemap has no vendor folder [] []
[2020-06-12 19:52:49] app.INFO: Protect vendor folder in module ps_banner [] []
[2020-06-12 19:52:50] app.INFO: Module ps_banner has no vendor folder [] []
[2020-06-12 19:52:51] app.INFO: Protect vendor folder in module ps_categorytree [] []
[2020-06-12 19:52:51] app.INFO: Module ps_categorytree has no vendor folder [] []
[2020-06-12 19:52:54] app.INFO: Protect vendor folder in module ps_checkpayment [] []
[2020-06-12 19:52:54] app.INFO: Module ps_checkpayment has no vendor folder [] []
[2020-06-12 19:52:55] app.INFO: Protect vendor folder in module ps_contactinfo [] []
[2020-06-12 19:52:55] app.INFO: Module ps_contactinfo has no vendor folder [] []
[2020-06-12 19:52:56] app.INFO: Protect vendor folder in module ps_currencyselector [] []
[2020-06-12 19:52:56] app.INFO: Module ps_currencyselector has no vendor folder [] []
[2020-06-12 19:52:57] app.INFO: Protect vendor folder in module ps_customeraccountlinks [] []
[2020-06-12 19:52:57] app.INFO: Module ps_customeraccountlinks has no vendor folder [] []
[2020-06-12 19:52:58] app.INFO: Protect vendor folder in module ps_customersignin [] []
[2020-06-12 19:52:58] app.INFO: Module ps_customersignin has no vendor folder [] []
[2020-06-12 19:53:01] app.INFO: Protect vendor folder in module ps_customtext [] []
[2020-06-12 19:53:01] app.INFO: Module ps_customtext has no vendor folder [] []
[2020-06-12 19:53:06] app.INFO: Protect vendor folder in module ps_emailsubscription [] []
[2020-06-12 19:53:06] app.INFO: Module ps_emailsubscription has no vendor folder [] []
[2020-06-12 19:53:18] app.INFO: Protect vendor folder in module ps_facetedsearch [] []
[2020-06-12 19:53:18] app.INFO: Module ps_facetedsearch has no vendor folder [] []
[2020-06-12 19:53:22] app.INFO: Protect vendor folder in module ps_faviconnotificationbo [] []
[2020-06-12 19:53:22] app.INFO: Module ps_faviconnotificationbo has no vendor folder [] []
[2020-06-12 19:53:23] app.INFO: Protect vendor folder in module ps_featuredproducts [] []
[2020-06-12 19:53:23] app.INFO: Module ps_featuredproducts has no vendor folder [] []
[2020-06-12 19:53:28] app.INFO: Protect vendor folder in module ps_imageslider [] []
[2020-06-12 19:53:28] app.INFO: Module ps_imageslider has no vendor folder [] []
[2020-06-12 19:53:29] app.INFO: Protect vendor folder in module ps_languageselector [] []
[2020-06-12 19:53:29] app.INFO: Module ps_languageselector has no vendor folder [] []
[2020-06-12 19:53:33] app.INFO: Protect vendor folder in module ps_linklist [] []
[2020-06-12 19:53:33] app.INFO: Module ps_linklist has no vendor folder [] []
[2020-06-12 19:53:33] app.ERROR: Class "AdminLinkWidgetController" not found in controllers/admin [] []
[2020-06-12 19:53:38] app.INFO: Protect vendor folder in module ps_mainmenu [] []
[2020-06-12 19:53:38] app.INFO: Module ps_mainmenu has no vendor folder [] []
[2020-06-12 19:53:40] app.INFO: Protect vendor folder in module ps_searchbar [] []
[2020-06-12 19:53:41] app.INFO: Module ps_searchbar has no vendor folder [] []
[2020-06-12 19:53:42] app.INFO: Protect vendor folder in module ps_sharebuttons [] []
[2020-06-12 19:53:42] app.INFO: Module ps_sharebuttons has no vendor folder [] []
[2020-06-12 19:53:44] app.INFO: Protect vendor folder in module ps_shoppingcart [] []
[2020-06-12 19:53:44] app.INFO: Module ps_shoppingcart has no vendor folder [] []
[2020-06-12 19:53:45] app.INFO: Protect vendor folder in module ps_socialfollow [] []
[2020-06-12 19:53:45] app.INFO: Module ps_socialfollow has no vendor folder [] []
[2020-06-12 19:53:50] app.INFO: Protect vendor folder in module ps_themecusto [] []
[2020-06-12 19:53:50] app.INFO: Module ps_themecusto has no vendor folder [] []
[2020-06-12 19:53:53] app.INFO: Protect vendor folder in module ps_wirepayment [] []
[2020-06-12 19:53:53] app.INFO: Module ps_wirepayment has no vendor folder [] []
[2020-06-12 19:53:55] app.INFO: Protect vendor folder in module pagesnotfound [] []
[2020-06-12 19:53:55] app.INFO: Module pagesnotfound has no vendor folder [] []
[2020-06-12 19:53:57] app.INFO: Protect vendor folder in module sekeywords [] []
[2020-06-12 19:53:57] app.INFO: Module sekeywords has no vendor folder [] []
[2020-06-12 19:53:57] app.INFO: Protect vendor folder in module statsbestcategories [] []
[2020-06-12 19:53:57] app.INFO: Module statsbestcategories has no vendor folder [] []
[2020-06-12 19:53:58] app.INFO: Protect vendor folder in module statsbestcustomers [] []
[2020-06-12 19:53:58] app.INFO: Module statsbestcustomers has no vendor folder [] []
[2020-06-12 19:53:59] app.INFO: Protect vendor folder in module statsbestproducts [] []
[2020-06-12 19:53:59] app.INFO: Module statsbestproducts has no vendor folder [] []
[2020-06-12 19:54:00] app.INFO: Protect vendor folder in module statsbestsuppliers [] []
[2020-06-12 19:54:00] app.INFO: Module statsbestsuppliers has no vendor folder [] []
[2020-06-12 19:54:01] app.INFO: Protect vendor folder in module statsbestvouchers [] []
[2020-06-12 19:54:01] app.INFO: Module statsbestvouchers has no vendor folder [] []
[2020-06-12 19:54:02] app.INFO: Protect vendor folder in module statscarrier [] []
[2020-06-12 19:54:02] app.INFO: Module statscarrier has no vendor folder [] []
[2020-06-12 19:54:03] app.INFO: Protect vendor folder in module statscatalog [] []
[2020-06-12 19:54:03] app.INFO: Module statscatalog has no vendor folder [] []
[2020-06-12 19:54:04] app.INFO: Protect vendor folder in module statscheckup [] []
[2020-06-12 19:54:04] app.INFO: Module statscheckup has no vendor folder [] []
[2020-06-12 19:54:05] app.INFO: Protect vendor folder in module statsdata [] []
[2020-06-12 19:54:05] app.INFO: Module statsdata has no vendor folder [] []
[2020-06-12 19:54:06] app.INFO: Protect vendor folder in module statsequipment [] []
[2020-06-12 19:54:06] app.INFO: Module statsequipment has no vendor folder [] []
[2020-06-12 19:54:07] app.INFO: Protect vendor folder in module statsforecast [] []
[2020-06-12 19:54:07] app.INFO: Module statsforecast has no vendor folder [] []
[2020-06-12 19:54:08] app.INFO: Protect vendor folder in module statslive [] []
[2020-06-12 19:54:08] app.INFO: Module statslive has no vendor folder [] []
[2020-06-12 19:54:10] app.INFO: Protect vendor folder in module statsnewsletter [] []
[2020-06-12 19:54:10] app.INFO: Module statsnewsletter has no vendor folder [] []
[2020-06-12 19:54:11] app.INFO: Protect vendor folder in module statsorigin [] []
[2020-06-12 19:54:11] app.INFO: Module statsorigin has no vendor folder [] []
[2020-06-12 19:54:11] app.INFO: Protect vendor folder in module statspersonalinfos [] []
[2020-06-12 19:54:12] app.INFO: Module statspersonalinfos has no vendor folder [] []
[2020-06-12 19:54:12] app.INFO: Protect vendor folder in module statsproduct [] []
[2020-06-12 19:54:12] app.INFO: Module statsproduct has no vendor folder [] []
[2020-06-12 19:54:13] app.INFO: Protect vendor folder in module statsregistrations [] []
[2020-06-12 19:54:13] app.INFO: Module statsregistrations has no vendor folder [] []
[2020-06-12 19:54:14] app.INFO: Protect vendor folder in module statssales [] []
[2020-06-12 19:54:14] app.INFO: Module statssales has no vendor folder [] []
[2020-06-12 19:54:16] app.INFO: Protect vendor folder in module statssearch [] []
[2020-06-12 19:54:16] app.INFO: Module statssearch has no vendor folder [] []
[2020-06-12 19:54:18] app.INFO: Protect vendor folder in module statsstock [] []
[2020-06-12 19:54:18] app.INFO: Module statsstock has no vendor folder [] []
[2020-06-12 19:54:19] app.INFO: Protect vendor folder in module statsvisits [] []
[2020-06-12 19:54:19] app.INFO: Module statsvisits has no vendor folder [] []
[2020-06-12 19:54:21] app.INFO: Protect vendor folder in module welcome [] []
[2020-06-12 19:54:37] app.INFO: Exporting mail with theme modern for language Español (Spanish) [] []
[2020-06-12 19:54:38] app.INFO: Core output folder: D:\PROGRAMAS\xampp\htdocs\samcom/mails [] []
[2020-06-12 19:54:38] app.INFO: Modules output folder: D:\PROGRAMAS\xampp\htdocs\samcom/modules/ [] []
[2020-06-12 19:54:52] app.INFO: Exporting mail with theme modern for language Català (Catalan) [] []
[2020-06-12 19:54:52] app.INFO: Core output folder: D:\PROGRAMAS\xampp\htdocs\samcom/mails [] []
[2020-06-12 19:54:52] app.INFO: Modules output folder: D:\PROGRAMAS\xampp\htdocs\samcom/modules/ [] []
[2020-06-12 19:55:10] app.INFO: Exporting mail with theme modern for language Galego (Galician) [] []
[2020-06-12 19:55:10] app.INFO: Core output folder: D:\PROGRAMAS\xampp\htdocs\samcom/mails [] []
[2020-06-12 19:55:10] app.INFO: Modules output folder: D:\PROGRAMAS\xampp\htdocs\samcom/modules/ [] []
[2020-06-12 19:55:17] app.INFO: Exporting mail with theme modern for language Euskera (Basque) [] []
[2020-06-12 19:55:17] app.INFO: Core output folder: D:\PROGRAMAS\xampp\htdocs\samcom/mails [] []
[2020-06-12 19:55:17] app.INFO: Modules output folder: D:\PROGRAMAS\xampp\htdocs\samcom/modules/ [] []
[2020-06-14 13:34:26] request.INFO: Matched route "admin_module_notification_count". {"route":"admin_module_notification_count","route_parameters":{"_controller":"PrestaShopBundle\\Controller\\Admin\\Improve\\Modules\\AlertsController::notificationsCountAction","_legacy_controller":"AdminModulesNotifications","_legacy_link":"AdminModulesNotifications:count","_route":"admin_module_notification_count"},"request_uri":"http://localhost:50/samcom/admin469abb3yz/index.php/improve/modules/alerts/count?_token=oV1yT9v-kc00t0ys__gQALD8WXDDK_cxLq-v01iGW6w","method":"GET"} []
[2020-06-14 13:34:26] security.DEBUG: Read existing security token from the session. {"key":"_security_main","token_class":"Symfony\\Component\\Security\\Core\\Authentication\\Token\\UsernamePasswordToken"} []
[2020-06-14 13:34:26] security.DEBUG: User was reloaded from a user provider. {"provider":"PrestaShopBundle\\Security\\Admin\\EmployeeProvider","username":"isamuelsg13@gmail.com"} []
[2020-06-14 13:34:27] app.ERROR: Data from PrestaShop Addons is invalid, and cannot fallback on cache.  {"exception":"Client error response [url] https://api-addons.prestashop.com?format=json&iso_lang=es&iso_code=ES&version=1.7.6.5&shop_url=http%3A%2F%2Flocalhost%3A50&method=listing&action=customer&username=isamuelsg13%40gmail.com&password=fireflyq6 [status code] 400 [reason phrase] Bad Request"} []
[2020-06-14 13:34:28] security.DEBUG: Stored the security token in the session. {"key":"_security_main"} []
[2020-06-14 13:34:26] request.INFO: Matched route "admin_module_catalog_refresh". {"route":"admin_module_catalog_refresh","route_parameters":{"category":null,"keyword":null,"_controller":"PrestaShopBundle\\Controller\\Admin\\Improve\\ModuleController::refreshCatalogAction","_legacy_controller":"AdminModulesCatalog","_legacy_link":"AdminModulesCatalog:refresh","_route":"admin_module_catalog_refresh"},"request_uri":"http://localhost:50/samcom/admin469abb3yz/index.php/improve/modules/catalog/refresh?_token=oV1yT9v-kc00t0ys__gQALD8WXDDK_cxLq-v01iGW6w","method":"GET"} []
[2020-06-14 13:34:28] security.DEBUG: Read existing security token from the session. {"key":"_security_main","token_class":"Symfony\\Component\\Security\\Core\\Authentication\\Token\\UsernamePasswordToken"} []
[2020-06-14 13:34:28] security.DEBUG: User was reloaded from a user provider. {"provider":"PrestaShopBundle\\Security\\Admin\\EmployeeProvider","username":"isamuelsg13@gmail.com"} []
[2020-06-14 13:34:28] app.ERROR: Data from PrestaShop Addons is invalid, and cannot fallback on cache.  {"exception":"Client error response [url] https://api-addons.prestashop.com?format=json&iso_lang=es&iso_code=ES&version=1.7.6.5&shop_url=http%3A%2F%2Flocalhost%3A50&method=listing&action=customer&username=isamuelsg13%40gmail.com&password=fireflyq6 [status code] 400 [reason phrase] Bad Request"} []
[2020-06-14 13:34:28] security.DEBUG: Stored the security token in the session. {"key":"_security_main"} []
